[32mINFO[0m:     Started server process [[36m39388[0m]
[32mINFO[0m:     Waiting for application startup.
[32mINFO[0m:     Application startup complete.
[32mINFO[0m:     Uvicorn running on [1mhttp://0.0.0.0:8000[0m (Press CTRL+C to quit)
[32mINFO[0m:     Shutting down
[32mINFO[0m:     Waiting for application shutdown.
[32mINFO[0m:     Application shutdown complete.
[32mINFO[0m:     Finished server process [[36m39388[0m]
Failed to send admin notification: Router is already attached to <Dispatcher '0x228b8474fb0'>
Traceback (most recent call last):
  File "C:\Users\IG\Desktop\Development\TG-shop\app\api.py", line 58, in create_order
    from main import bot
  File "C:\Users\IG\Desktop\Development\TG-shop\main.py", line 29, in <module>
    dp.include_router(bot_router)
  File "C:\Users\IG\Desktop\Development\TG-shop\venv\Lib\site-packages\aiogram\dispatcher\router.py", line 248, in include_router
    router.parent_router = self
    ^^^^^^^^^^^^^^^^^^^^
  File "C:\Users\IG\Desktop\Development\TG-shop\venv\Lib\site-packages\aiogram\dispatcher\router.py", line 211, in parent_router
    raise RuntimeError(f"Router is already attached to {self._parent_router!r}")
RuntimeError: Router is already attached to <Dispatcher '0x228b8474fb0'>

Failed to send admin notification: Router is already attached to <Dispatcher '0x228b8474fb0'>
Traceback (most recent call last):
  File "C:\Users\IG\Desktop\Development\TG-shop\app\api.py", line 58, in create_order
    from main import bot
  File "C:\Users\IG\Desktop\Development\TG-shop\main.py", line 29, in <module>
    dp.include_router(bot_router)
  File "C:\Users\IG\Desktop\Development\TG-shop\venv\Lib\site-packages\aiogram\dispatcher\router.py", line 248, in include_router
    router.parent_router = self
    ^^^^^^^^^^^^^^^^^^^^
  File "C:\Users\IG\Desktop\Development\TG-shop\venv\Lib\site-packages\aiogram\dispatcher\router.py", line 211, in parent_router
    raise RuntimeError(f"Router is already attached to {self._parent_router!r}")
RuntimeError: Router is already attached to <Dispatcher '0x228b8474fb0'>

